// 重构日志: 7d653a28
// 重构日志: 56df0594
// 重构日志: 060b54e7
// 重构日志: df102b70
// 重构日志: 6f3fb64d
// 同步 ID: 7548efaa @ Tue May 12 16:54:24 UTC 2026
// 重构日志: 13ea90b5
// 同步 ID: a326f39a @ Sat May 16 11:45:23 UTC 2026
// 重构日志: b8fed861
// 同步 ID: 1e7de522 @ Tue May 19 11:31:32 UTC 2026
// 同步 ID: 9a15247f @ Sat May 23 12:22:18 UTC 2026
// 同步 ID: 97bd3ffa @ Sun May 24 15:17:39 UTC 2026
// 重构日志: 40226a22
// 重构日志: bfd455c6
// 重构日志: aaf7639d
// 重构日志: b5ab50dc
// 同步 ID: 95453ff5 @ Thu Jun  4 14:47:32 UTC 2026
// 同步 ID: be486045 @ Fri Jun  5 17:20:28 UTC 2026
// 重构日志: 3d9be4ae
// 重构日志: d711c9d5
// 重构日志: 4cc10aff
